Using pre-set license
Built from '2021.3/staging' branch; Version is '2021.3.9f1 (ad3870b89536) revision 11352176'; Using compiler version '192829333'; Build Type 'Release'
OS: 'Windows 10  (10.0.19045) 64bit Core' Language: 'en' Physical Memory: 16085 MB
BatchMode: 1, IsHumanControllingUs: 0, StartBugReporterOnCrash: 0, Is64bit: 1, IsPro: 1

COMMAND LINE ARGUMENTS:
C:\Users\victo\OneDrive\Desktop\School Items\2021.3.9f1\Editor\Unity.exe
-adb2
-batchMode
-noUpm
-name
AssetImportWorker0
-projectPath
C:/Users/victo/OneDrive/Desktop/School Items/Fall 2023/Algorithms and Animation/CHALLENGE03/Challenge 3
-logFile
Logs/AssetImportWorker0.log
-srvPort
56729
Successfully changed project path to: C:/Users/victo/OneDrive/Desktop/School Items/Fall 2023/Algorithms and Animation/CHALLENGE03/Challenge 3
C:/Users/victo/OneDrive/Desktop/School Items/Fall 2023/Algorithms and Animation/CHALLENGE03/Challenge 3
[UnityMemory] Configuration Parameters - Can be set up in boot.config
    "memorysetup-bucket-allocator-granularity=16"
    "memorysetup-bucket-allocator-bucket-count=8"
    "memorysetup-bucket-allocator-block-size=33554432"
    "memorysetup-bucket-allocator-block-count=8"
    "memorysetup-main-allocator-block-size=16777216"
    "memorysetup-thread-allocator-block-size=16777216"
    "memorysetup-gfx-main-allocator-block-size=16777216"
    "memorysetup-gfx-thread-allocator-block-size=16777216"
    "memorysetup-cache-allocator-block-size=4194304"
    "memorysetup-typetree-allocator-block-size=2097152"
    "memorysetup-profiler-bucket-allocator-granularity=16"
    "memorysetup-profiler-bucket-allocator-bucket-count=8"
    "memorysetup-profiler-bucket-allocator-block-size=33554432"
    "memorysetup-profiler-bucket-allocator-block-count=8"
    "memorysetup-profiler-allocator-block-size=16777216"
    "memorysetup-profiler-editor-allocator-block-size=1048576"
    "memorysetup-temp-allocator-size-main=16777216"
    "memorysetup-job-temp-allocator-block-size=2097152"
    "memorysetup-job-temp-allocator-block-size-background=1048576"
    "memorysetup-job-temp-allocator-reduction-small-platforms=262144"
    "memorysetup-temp-allocator-size-background-worker=32768"
    "memorysetup-temp-allocator-size-job-worker=262144"
    "memorysetup-temp-allocator-size-preload-manager=33554432"
    "memorysetup-temp-allocator-size-nav-mesh-worker=65536"
    "memorysetup-temp-allocator-size-audio-worker=65536"
    "memorysetup-temp-allocator-size-cloud-worker=32768"
    "memorysetup-temp-allocator-size-gi-baking-worker=262144"
    "memorysetup-temp-allocator-size-gfx=262144"
Refreshing native plugins compatible for Editor in 81.22 ms, found 3 plugins.
Preloading 0 native plugins for Editor in 0.00 ms.
Initialize engine version: 2021.3.9f1 (ad3870b89536)
[Subsystems] Discovering subsystems at path C:/Users/victo/OneDrive/Desktop/School Items/2021.3.9f1/Editor/Data/Resources/UnitySubsystems
[Subsystems] Discovering subsystems at path C:/Users/victo/OneDrive/Desktop/School Items/Fall 2023/Algorithms and Animation/CHALLENGE03/Challenge 3/Assets
GfxDevice: creating device client; threaded=0; jobified=0
Direct3D:
    Version:  Direct3D 11.0 [level 11.1]
    Renderer: NVIDIA GeForce RTX 3060 Laptop GPU (ID=0x2520)
    Vendor:   NVIDIA
    VRAM:     6010 MB
    Driver:   31.0.15.4601
Initialize mono
Mono path[0] = 'C:/Users/victo/OneDrive/Desktop/School Items/2021.3.9f1/Editor/Data/Managed'
Mono path[1] = 'C:/Users/victo/OneDrive/Desktop/School Items/2021.3.9f1/Editor/Data/MonoBleedingEdge/lib/mono/unityjit-win32'
Mono config path = 'C:/Users/victo/OneDrive/Desktop/School Items/2021.3.9f1/Editor/Data/MonoBleedingEdge/etc'
Using monoOptions --debugger-agent=transport=dt_socket,embedding=1,server=y,suspend=n,address=127.0.0.1:56720
Begin MonoManager ReloadAssembly
Registering precompiled unity dll's ...
Register platform support module: C:/Users/victo/OneDrive/Desktop/School Items/2021.3.9f1/Editor/Data/PlaybackEngines/WebGLSupport/UnityEditor.WebGL.Extensions.dll
Register platform support module: C:/Users/victo/OneDrive/Desktop/School Items/2021.3.9f1/Editor/Data/PlaybackEngines/WindowsStandaloneSupport/UnityEditor.WindowsStandalone.Extensions.dll
Registered in 0.012905 seconds.
Native extension for WindowsStandalone target not found
Native extension for WebGL target not found
Refreshing native plugins compatible for Editor in 94.34 ms, found 3 plugins.
Preloading 0 native plugins for Editor in 0.00 ms.
Mono: successfully reloaded assembly
- Completed reload, in  0.719 seconds
Domain Reload Profiling:
	ReloadAssembly (719ms)
		BeginReloadAssembly (87ms)
			ExecutionOrderSort (0ms)
			DisableScriptedObjects (0ms)
			BackupInstance (0ms)
			ReleaseScriptingObjects (0ms)
			CreateAndSetChildDomain (1ms)
		EndReloadAssembly (490ms)
			LoadAssemblies (84ms)
			RebuildTransferFunctionScriptingTraits (0ms)
			SetupTypeCache (126ms)
			ReleaseScriptCaches (0ms)
			RebuildScriptCaches (29ms)
			SetupLoadedEditorAssemblies (282ms)
				LogAssemblyErrors (0ms)
				InitializePlatformSupportModulesInManaged (10ms)
				SetLoadedEditorAssemblies (0ms)
				RefreshPlugins (94ms)
				BeforeProcessingInitializeOnLoad (1ms)
				ProcessInitializeOnLoadAttributes (130ms)
				ProcessInitializeOnLoadMethodAttributes (46ms)
				AfterProcessingInitializeOnLoad (0ms)
				EditorAssembliesLoaded (0ms)
			ExecutionOrderSort2 (0ms)
			AwakeInstancesAfterBackupRestoration (0ms)
Platform modules already initialized, skipping
Registering precompiled user dll's ...
Registered in 0.009126 seconds.
Begin MonoManager ReloadAssembly
Symbol file LoadedFromMemory doesn't match image C:\Users\victo\OneDrive\Desktop\School Items\Fall 2023\Algorithms and Animation\CHALLENGE03\Challenge 3\Library\PackageCache\com.unity.visualscripting@1.7.8\Editor\VisualScripting.Core\Dependencies\YamlDotNet\Unity.VisualScripting.YamlDotNet.dll
Symbol file LoadedFromMemory doesn't match image C:\Users\victo\OneDrive\Desktop\School Items\Fall 2023\Algorithms and Animation\CHALLENGE03\Challenge 3\Library\PackageCache\com.unity.visualscripting@1.7.8\Editor\VisualScripting.Core\Dependencies\DotNetZip\Unity.VisualScripting.IonicZip.dll
Native extension for WindowsStandalone target not found
Native extension for WebGL target not found
Refreshing native plugins compatible for Editor in 0.54 ms, found 3 plugins.
Preloading 0 native plugins for Editor in 0.00 ms.
Mono: successfully reloaded assembly
- Completed reload, in  1.126 seconds
Domain Reload Profiling:
	ReloadAssembly (1127ms)
		BeginReloadAssembly (108ms)
			ExecutionOrderSort (0ms)
			DisableScriptedObjects (6ms)
			BackupInstance (0ms)
			ReleaseScriptingObjects (0ms)
			CreateAndSetChildDomain (21ms)
		EndReloadAssembly (891ms)
			LoadAssemblies (93ms)
			RebuildTransferFunctionScriptingTraits (0ms)
			SetupTypeCache (353ms)
			ReleaseScriptCaches (1ms)
			RebuildScriptCaches (48ms)
			SetupLoadedEditorAssemblies (366ms)
				LogAssemblyErrors (0ms)
				InitializePlatformSupportModulesInManaged (7ms)
				SetLoadedEditorAssemblies (0ms)
				RefreshPlugins (1ms)
				BeforeProcessingInitializeOnLoad (88ms)
				ProcessInitializeOnLoadAttributes (233ms)
				ProcessInitializeOnLoadMethodAttributes (29ms)
				AfterProcessingInitializeOnLoad (9ms)
				EditorAssembliesLoaded (0ms)
			ExecutionOrderSort2 (0ms)
			AwakeInstancesAfterBackupRestoration (5ms)
Platform modules already initialized, skipping
========================================================================
Worker process is ready to serve import requests
Launched and connected shader compiler UnityShaderCompiler.exe after 0.04 seconds
Refreshing native plugins compatible for Editor in 0.97 ms, found 3 plugins.
Preloading 0 native plugins for Editor in 0.00 ms.
Unloading 3386 Unused Serialized files (Serialized files now loaded: 0)
Unloading 27 unused Assets / (111.3 KB). Loaded Objects now: 3843.
Memory consumption went from 117.7 MB to 117.6 MB.
Total: 2.564600 ms (FindLiveObjects: 0.277000 ms CreateObjectMapping: 0.105000 ms MarkObjects: 2.078000 ms  DeleteObjects: 0.103500 ms)

AssetImportParameters requested are different than current active one (requested -> active):
  custom:video-decoder-ogg-theora: a1e56fd34408186e4bbccfd4996cb3dc -> 
  custom:container-muxer-webm: aa71ff27fc2769a1b78a27578f13a17b -> 
  custom:container-demuxer-webm: 4f35f7cbe854078d1ac9338744f61a02 -> 
  custom:video-encoder-webm-vp8: eb34c28f22e8b96e1ab97ce403110664 -> 
  custom:audio-encoder-webm-vorbis: bf7c407c2cedff20999df2af8eb42d56 -> 
  custom:framework-win-MediaFoundation: 216162199b28c13a410421893ffa2e32 -> 
  custom:container-demuxer-ogg: 62fdf1f143b41e24485cea50d1cbac27 -> 
  custom:video-decoder-webm-vp8: 9c59270c3fd7afecdb556c50c9e8de78 -> 
  custom:audio-decoder-ogg-vorbis: bf7c407c2cedff20999df2af8eb42d56 -> 
========================================================================
Received Import Request.
  Time since last request: 127457.811385 seconds.
  path: Assets/Adventure_Character/Prefabs
  artifactKey: Guid(a4767ed5cb0999f44999893699fafe99) Importer(815301076,1909f56bfc062723c751e8b465ee728b)
Start importing Assets/Adventure_Character/Prefabs using Guid(a4767ed5cb0999f44999893699fafe99) Importer(815301076,1909f56bfc062723c751e8b465ee728b)  -> (artifact id: '352ec3d541609af434483a51c0017c65') in 0.019460 seconds 
========================================================================
Received Import Request.
  Time since last request: 3840.372932 seconds.
  path: Assets/Kevin Iglesias/Basic Motions/Models/BasicMotionsDummyModel.fbx
  artifactKey: Guid(5917c0e93d180a842b61d1ebc62a195c) Importer(815301076,1909f56bfc062723c751e8b465ee728b)
Start importing Assets/Kevin Iglesias/Basic Motions/Models/BasicMotionsDummyModel.fbx using Guid(5917c0e93d180a842b61d1ebc62a195c) Importer(815301076,1909f56bfc062723c751e8b465ee728b)  -> (artifact id: 'fca0a302209a49b68155e6aa59ddb843') in 0.256952 seconds 
========================================================================
Received Import Request.
  Time since last request: 0.000026 seconds.
  path: Assets/FastIK/Models/Figure/Wood.fbx
  artifactKey: Guid(9251f384b071861468e65c0fc55b87e9) Importer(815301076,1909f56bfc062723c751e8b465ee728b)
Start importing Assets/FastIK/Models/Figure/Wood.fbx using Guid(9251f384b071861468e65c0fc55b87e9) Importer(815301076,1909f56bfc062723c751e8b465ee728b)  -> (artifact id: '9c617711aafddb7eb53548d858abbf3d') in 0.052848 seconds 
========================================================================
Received Import Request.
  Time since last request: 15.871245 seconds.
  path: Assets/Kevin Iglesias/Basic Motions
  artifactKey: Guid(2cb279c410b7a3e4dbf4aab42283effa) Importer(815301076,1909f56bfc062723c751e8b465ee728b)
Start importing Assets/Kevin Iglesias/Basic Motions using Guid(2cb279c410b7a3e4dbf4aab42283effa) Importer(815301076,1909f56bfc062723c751e8b465ee728b)  -> (artifact id: 'c0c17348febb5cfb9d0c3e75032ab964') in 0.009707 seconds 
========================================================================
Received Import Request.
  Time since last request: 1.813927 seconds.
  path: Assets/Kevin Iglesias/Basic Motions/Animations
  artifactKey: Guid(7eb11f9df068c2b45bc52cfc0d6e3f25) Importer(815301076,1909f56bfc062723c751e8b465ee728b)
Start importing Assets/Kevin Iglesias/Basic Motions/Animations using Guid(7eb11f9df068c2b45bc52cfc0d6e3f25) Importer(815301076,1909f56bfc062723c751e8b465ee728b)  -> (artifact id: '4f676254c8e8b80f05cb8c6ee563b310') in 0.009592 seconds 
========================================================================
Received Import Request.
  Time since last request: 1.286864 seconds.
  path: Assets/Kevin Iglesias/Basic Motions/Animations/Idles
  artifactKey: Guid(99b531c8964d97245a8f67495e2a1a95) Importer(815301076,1909f56bfc062723c751e8b465ee728b)
Start importing Assets/Kevin Iglesias/Basic Motions/Animations/Idles using Guid(99b531c8964d97245a8f67495e2a1a95) Importer(815301076,1909f56bfc062723c751e8b465ee728b)  -> (artifact id: 'e4dcc9bf92689729b7623f73fb062a9f') in 0.011312 seconds 
========================================================================
Received Import Request.
  Time since last request: 0.041721 seconds.
  path: Assets/Kevin Iglesias/Basic Motions/Animations/Idles/BasicMotions@Idle01.fbx
  artifactKey: Guid(a3422ad278cd9a94aa3da8e6bff9deea) Importer(815301076,1909f56bfc062723c751e8b465ee728b)
Start importing Assets/Kevin Iglesias/Basic Motions/Animations/Idles/BasicMotions@Idle01.fbx using Guid(a3422ad278cd9a94aa3da8e6bff9deea) Importer(815301076,1909f56bfc062723c751e8b465ee728b)  -> (artifact id: '8c716d7bd584691b50a4a899e4ba8d39') in 0.028334 seconds 
========================================================================
Received Import Request.
  Time since last request: 108.256435 seconds.
  path: Assets/Kevin Iglesias/Basic Motions/Animations/Movement/BasicMotions@Fall01.fbx
  artifactKey: Guid(56b6c6749a263e843b2908fe4580acc1) Importer(815301076,1909f56bfc062723c751e8b465ee728b)
Start importing Assets/Kevin Iglesias/Basic Motions/Animations/Movement/BasicMotions@Fall01.fbx using Guid(56b6c6749a263e843b2908fe4580acc1) Importer(815301076,1909f56bfc062723c751e8b465ee728b)  -> (artifact id: 'c998c4659b0a61754c8a3b05a019b646') in 0.039237 seconds 
========================================================================
Received Import Request.
  Time since last request: 0.000024 seconds.
  path: Assets/Kevin Iglesias/Basic Motions/Animations/Movement/BasicMotions@Run01.fbx
  artifactKey: Guid(154a724602422044c91070a5f3c67c11) Importer(815301076,1909f56bfc062723c751e8b465ee728b)
Start importing Assets/Kevin Iglesias/Basic Motions/Animations/Movement/BasicMotions@Run01.fbx using Guid(154a724602422044c91070a5f3c67c11) Importer(815301076,1909f56bfc062723c751e8b465ee728b)  -> (artifact id: '2a876e16f6742f6428638a070d31fc1c') in 0.030685 seconds 
========================================================================
Received Import Request.
  Time since last request: 0.000025 seconds.
  path: Assets/Kevin Iglesias/Basic Motions/Animations/Movement/BasicMotions@Strafe01.fbx
  artifactKey: Guid(965e8fa8f0644d741bc9baca0a3954fe) Importer(815301076,1909f56bfc062723c751e8b465ee728b)
Start importing Assets/Kevin Iglesias/Basic Motions/Animations/Movement/BasicMotions@Strafe01.fbx using Guid(965e8fa8f0644d741bc9baca0a3954fe) Importer(815301076,1909f56bfc062723c751e8b465ee728b)  -> (artifact id: 'abd271dca26979d45a7a40f7c0785337') in 0.022565 seconds 
Editor requested this worker to shutdown with reason: Scaling down because of idle timeout
AssetImportWorker is now disconnected from the server
Process exiting
Exiting without the bug reporter. Application will terminate with return code 0